生成启动时间为 2016/10/26 0:04:04。
     1>项目“C:\Users\Administrator\Desktop\项目\Serve\Serve\Serve.vcxproj”在节点 2 上(Build 个目标)。
     1>ClCompile:
         C:\Program Files (x86)\VC\bin\x86_amd64\CL.exe /c /Zi /nologo /W3 /WX- /sdl /Od /D _WINDOWS /D _DEBUG /D _UNICODE /D UNICODE /D _AFXDLL /Gm /EHsc /RTC1 /MDd /GS /fp:precise /Zc:wchar_t /Zc:forScope /Yu"stdafx.h" /Fp"x64\Debug\Serve.pch" /Fo"x64\Debug\\" /Fd"x64\Debug\vc120.pdb" /Gd /TP /errorReport:prompt ServeDlg.cpp
         ServeDlg.cpp
     1>ServeDlg.cpp(346): error C4235: 使用了非标准扩展: 不支持在此结构上使用“__asm”关键字
     1>ServeDlg.cpp(348): error C2065: “mov”: 未声明的标识符
     1>ServeDlg.cpp(348): error C2146: 语法错误: 缺少“;”(在标识符“eax”的前面)
     1>ServeDlg.cpp(348): error C2065: “eax”: 未声明的标识符
     1>ServeDlg.cpp(348): error C2059: 语法错误:“数字上的错误后缀”
     1>ServeDlg.cpp(349): error C2146: 语法错误: 缺少“;”(在标识符“h”的前面)
     1>ServeDlg.cpp(349): error C2065: “h”: 未声明的标识符
     1>ServeDlg.cpp(349): error C2146: 语法错误: 缺少“;”(在标识符“xor”的前面)
     1>ServeDlg.cpp(349): error C2065: “xor”: 未声明的标识符
     1>ServeDlg.cpp(349): error C2146: 语法错误: 缺少“;”(在标识符“edx”的前面)
     1>ServeDlg.cpp(349): error C2065: “edx”: 未声明的标识符
     1>ServeDlg.cpp(350): error C2065: “edx”: 未声明的标识符
     1>ServeDlg.cpp(351): error C2146: 语法错误: 缺少“;”(在标识符“cpuid”的前面)
     1>ServeDlg.cpp(351): error C2065: “cpuid”: 未声明的标识符
     1>ServeDlg.cpp(351): error C2146: 语法错误: 缺少“;”(在标识符“mov”的前面)
     1>ServeDlg.cpp(351): error C2065: “mov”: 未声明的标识符
     1>ServeDlg.cpp(351): error C2146: 语法错误: 缺少“;”(在标识符“s1”的前面)
     1>ServeDlg.cpp(352): error C2065: “edx”: 未声明的标识符
     1>ServeDlg.cpp(352): error C2146: 语法错误: 缺少“;”(在标识符“mov”的前面)
     1>ServeDlg.cpp(352): error C2065: “mov”: 未声明的标识符
     1>ServeDlg.cpp(352): error C2146: 语法错误: 缺少“;”(在标识符“s2”的前面)
     1>ServeDlg.cpp(353): error C2065: “eax”: 未声明的标识符
     1>ServeDlg.cpp(353): error C2143: 语法错误 : 缺少“;”(在“}”的前面)
     1>ServeDlg.cpp(354): error C4235: 使用了非标准扩展: 不支持在此结构上使用“__asm”关键字
     1>ServeDlg.cpp(356): error C2065: “mov”: 未声明的标识符
     1>ServeDlg.cpp(356): error C2146: 语法错误: 缺少“;”(在标识符“eax”的前面)
     1>ServeDlg.cpp(356): error C2065: “eax”: 未声明的标识符
     1>ServeDlg.cpp(356): error C2059: 语法错误:“数字上的错误后缀”
     1>ServeDlg.cpp(357): error C2146: 语法错误: 缺少“;”(在标识符“h”的前面)
     1>ServeDlg.cpp(357): error C2065: “h”: 未声明的标识符
     1>ServeDlg.cpp(357): error C2146: 语法错误: 缺少“;”(在标识符“xor”的前面)
     1>ServeDlg.cpp(357): error C2065: “xor”: 未声明的标识符
     1>ServeDlg.cpp(357): error C2146: 语法错误: 缺少“;”(在标识符“ecx”的前面)
     1>ServeDlg.cpp(357): error C2065: “ecx”: 未声明的标识符
     1>ServeDlg.cpp(358): error C2065: “ecx”: 未声明的标识符
     1>ServeDlg.cpp(358): error C2146: 语法错误: 缺少“;”(在标识符“xor”的前面)
     1>ServeDlg.cpp(358): error C2065: “xor”: 未声明的标识符
     1>ServeDlg.cpp(358): error C2146: 语法错误: 缺少“;”(在标识符“edx”的前面)
     1>ServeDlg.cpp(358): error C2065: “edx”: 未声明的标识符
     1>ServeDlg.cpp(359): error C2065: “edx”: 未声明的标识符
     1>ServeDlg.cpp(360): error C2146: 语法错误: 缺少“;”(在标识符“cpuid”的前面)
     1>ServeDlg.cpp(360): error C2065: “cpuid”: 未声明的标识符
     1>ServeDlg.cpp(360): error C2146: 语法错误: 缺少“;”(在标识符“mov”的前面)
     1>ServeDlg.cpp(360): error C2065: “mov”: 未声明的标识符
     1>ServeDlg.cpp(360): error C2146: 语法错误: 缺少“;”(在标识符“s3”的前面)
     1>ServeDlg.cpp(361): error C2065: “edx”: 未声明的标识符
     1>ServeDlg.cpp(361): error C2146: 语法错误: 缺少“;”(在标识符“mov”的前面)
     1>ServeDlg.cpp(361): error C2065: “mov”: 未声明的标识符
     1>ServeDlg.cpp(361): error C2146: 语法错误: 缺少“;”(在标识符“s4”的前面)
     1>ServeDlg.cpp(362): error C2065: “ecx”: 未声明的标识符
     1>ServeDlg.cpp(362): error C2143: 语法错误 : 缺少“;”(在“}”的前面)
     1>已完成生成项目“C:\Users\Administrator\Desktop\项目\Serve\Serve\Serve.vcxproj”(Build 个目标)的操作 - 失败。

生成失败。

已用时间 00:00:08.95
