c:\users\administrator\documents\visual studio 2013\projects\monitor_computer\monitor_computer\x64\debug\monitor_computer.pch
c:\users\administrator\documents\visual studio 2013\projects\monitor_computer\monitor_computer\x64\debug\vc120.pdb
c:\users\administrator\documents\visual studio 2013\projects\monitor_computer\monitor_computer\x64\debug\vc120.idb
c:\users\administrator\documents\visual studio 2013\projects\monitor_computer\monitor_computer\x64\debug\stdafx.obj
c:\users\administrator\documents\visual studio 2013\projects\monitor_computer\monitor_computer\x64\debug\dlgcpu.obj
c:\users\administrator\documents\visual studio 2013\projects\monitor_computer\monitor_computer\x64\debug\dlgvalue.obj
c:\users\administrator\documents\visual studio 2013\projects\monitor_computer\monitor_computer\x64\debug\monitor_computer.obj
c:\users\administrator\documents\visual studio 2013\projects\monitor_computer\monitor_computer\x64\debug\monitor_computerdlg.obj
c:\users\administrator\documents\visual studio 2013\projects\monitor_computer\monitor_computer\x64\debug\processdlg.obj
c:\users\administrator\documents\visual studio 2013\projects\monitor_computer\x64\debug\monitor_computer.ilk
c:\users\administrator\documents\visual studio 2013\projects\monitor_computer\x64\debug\monitor_computer.exe
c:\users\administrator\documents\visual studio 2013\projects\monitor_computer\x64\debug\monitor_computer.pdb
c:\users\administrator\documents\visual studio 2013\projects\monitor_computer\monitor_computer\x64\debug\monitor_computer.res
c:\users\administrator\documents\visual studio 2013\projects\monitor_computer\monitor_computer\x64\debug\monitor_computer.tlog\cl.command.1.tlog
c:\users\administrator\documents\visual studio 2013\projects\monitor_computer\monitor_computer\x64\debug\monitor_computer.tlog\cl.read.1.tlog
c:\users\administrator\documents\visual studio 2013\projects\monitor_computer\monitor_computer\x64\debug\monitor_computer.tlog\cl.write.1.tlog
c:\users\administrator\documents\visual studio 2013\projects\monitor_computer\monitor_computer\x64\debug\monitor_computer.tlog\link.command.1.tlog
c:\users\administrator\documents\visual studio 2013\projects\monitor_computer\monitor_computer\x64\debug\monitor_computer.tlog\link.read.1.tlog
c:\users\administrator\documents\visual studio 2013\projects\monitor_computer\monitor_computer\x64\debug\monitor_computer.tlog\link.write.1.tlog
c:\users\administrator\documents\visual studio 2013\projects\monitor_computer\monitor_computer\x64\debug\monitor_computer.tlog\rc.command.1.tlog
c:\users\administrator\documents\visual studio 2013\projects\monitor_computer\monitor_computer\x64\debug\monitor_computer.tlog\rc.read.1.tlog
c:\users\administrator\documents\visual studio 2013\projects\monitor_computer\monitor_computer\x64\debug\monitor_computer.tlog\rc.write.1.tlog
