d:\workplace\source(c++)\app1\serve\serve\debug\serve.pch
d:\workplace\source(c++)\app1\serve\serve\debug\vc140.pdb
d:\workplace\source(c++)\app1\serve\serve\debug\vc140.idb
d:\workplace\source(c++)\app1\serve\serve\debug\stdafx.obj
d:\workplace\source(c++)\app1\serve\serve\debug\chatsock.obj
d:\workplace\source(c++)\app1\serve\serve\debug\listensock.obj
d:\workplace\source(c++)\app1\serve\serve\debug\serve.obj
d:\workplace\source(c++)\app1\serve\serve\debug\servedlg.obj
d:\workplace\source(c++)\app1\serve\debug\serve.ilk
d:\workplace\source(c++)\app1\serve\debug\serve.exe
d:\workplace\source(c++)\app1\serve\debug\serve.pdb
d:\workplace\source(c++)\app1\serve\serve\debug\serve.res
d:\workplace\source(c++)\app1\serve\serve\debug\serve.tlog\cl.command.1.tlog
d:\workplace\source(c++)\app1\serve\serve\debug\serve.tlog\cl.read.1.tlog
d:\workplace\source(c++)\app1\serve\serve\debug\serve.tlog\cl.write.1.tlog
d:\workplace\source(c++)\app1\serve\serve\debug\serve.tlog\link.command.1.tlog
d:\workplace\source(c++)\app1\serve\serve\debug\serve.tlog\link.read.1.tlog
d:\workplace\source(c++)\app1\serve\serve\debug\serve.tlog\link.write.1.tlog
d:\workplace\source(c++)\app1\serve\serve\debug\serve.tlog\rc.command.1.tlog
d:\workplace\source(c++)\app1\serve\serve\debug\serve.tlog\rc.read.1.tlog
d:\workplace\source(c++)\app1\serve\serve\debug\serve.tlog\rc.write.1.tlog
