d:\workplace\source(c++)\app1\monitor_computer\monitor_computer\debug\monitor_computer.pch
d:\workplace\source(c++)\app1\monitor_computer\monitor_computer\debug\vc140.pdb
d:\workplace\source(c++)\app1\monitor_computer\monitor_computer\debug\vc140.idb
d:\workplace\source(c++)\app1\monitor_computer\monitor_computer\debug\stdafx.obj
d:\workplace\source(c++)\app1\monitor_computer\monitor_computer\debug\dlgcpu.obj
d:\workplace\source(c++)\app1\monitor_computer\monitor_computer\debug\dlgvalue.obj
d:\workplace\source(c++)\app1\monitor_computer\monitor_computer\debug\monitor_computer.obj
d:\workplace\source(c++)\app1\monitor_computer\monitor_computer\debug\monitor_computerdlg.obj
d:\workplace\source(c++)\app1\monitor_computer\monitor_computer\debug\processdlg.obj
d:\workplace\source(c++)\app1\monitor_computer\debug\monitor_computer.ilk
d:\workplace\source(c++)\app1\monitor_computer\debug\monitor_computer.exe
d:\workplace\source(c++)\app1\monitor_computer\debug\monitor_computer.pdb
d:\workplace\source(c++)\app1\monitor_computer\monitor_computer\debug\monitor_computer.res
d:\workplace\source(c++)\app1\monitor_computer\monitor_computer\debug\monitor_computer.tlog\cl.command.1.tlog
d:\workplace\source(c++)\app1\monitor_computer\monitor_computer\debug\monitor_computer.tlog\cl.read.1.tlog
d:\workplace\source(c++)\app1\monitor_computer\monitor_computer\debug\monitor_computer.tlog\cl.write.1.tlog
d:\workplace\source(c++)\app1\monitor_computer\monitor_computer\debug\monitor_computer.tlog\link.command.1.tlog
d:\workplace\source(c++)\app1\monitor_computer\monitor_computer\debug\monitor_computer.tlog\link.read.1.tlog
d:\workplace\source(c++)\app1\monitor_computer\monitor_computer\debug\monitor_computer.tlog\link.write.1.tlog
d:\workplace\source(c++)\app1\monitor_computer\monitor_computer\debug\monitor_computer.tlog\rc.command.1.tlog
d:\workplace\source(c++)\app1\monitor_computer\monitor_computer\debug\monitor_computer.tlog\rc.read.1.tlog
d:\workplace\source(c++)\app1\monitor_computer\monitor_computer\debug\monitor_computer.tlog\rc.write.1.tlog
