d:\workplace\source(c++)\app1\client\client\debug\client.pch
d:\workplace\source(c++)\app1\client\client\debug\vc140.pdb
d:\workplace\source(c++)\app1\client\client\debug\vc140.idb
d:\workplace\source(c++)\app1\client\client\debug\stdafx.obj
d:\workplace\source(c++)\app1\client\client\debug\chatsock.obj
d:\workplace\source(c++)\app1\client\client\debug\client.obj
d:\workplace\source(c++)\app1\client\client\debug\clientdlg.obj
d:\workplace\source(c++)\app1\client\client\debug\dlglogin.obj
d:\workplace\source(c++)\app1\client\client\debug\listensock.obj
d:\workplace\source(c++)\app1\client\debug\client.ilk
d:\workplace\source(c++)\app1\client\debug\client.exe
d:\workplace\source(c++)\app1\client\debug\client.pdb
d:\workplace\source(c++)\app1\client\client\debug\client.res
d:\workplace\source(c++)\app1\client\client\debug\client.tlog\cl.command.1.tlog
d:\workplace\source(c++)\app1\client\client\debug\client.tlog\cl.read.1.tlog
d:\workplace\source(c++)\app1\client\client\debug\client.tlog\cl.write.1.tlog
d:\workplace\source(c++)\app1\client\client\debug\client.tlog\link.command.1.tlog
d:\workplace\source(c++)\app1\client\client\debug\client.tlog\link.read.1.tlog
d:\workplace\source(c++)\app1\client\client\debug\client.tlog\link.write.1.tlog
d:\workplace\source(c++)\app1\client\client\debug\client.tlog\rc.command.1.tlog
d:\workplace\source(c++)\app1\client\client\debug\client.tlog\rc.read.1.tlog
d:\workplace\source(c++)\app1\client\client\debug\client.tlog\rc.write.1.tlog
